android/app/build/intermediates/manifest_merge_blame_file/debug/processDebugMainManifest/manifest-merger-blame-debug-report.txt
1<?xml version="1.0" encoding="utf-8"?>
2<manifest xmlns:android="http://schemas.android.com/apk/res/android"
3    package="com.arabicpdftoword.app.debug"
4    android:versionCode="1"
5    android:versionName="1.0.0" >
6
7    <uses-sdk
8        android:minSdkVersion="24"
9        android:targetSdkVersion="35" />
10
11    <!-- Permissions -->
12    <uses-permission android:name="android.permission.INTERNET" />
12-->src\main\AndroidManifest.xml:6:5-67
12-->src\main\AndroidManifest.xml:6:22-64
13    <uses-permission android:name="android.permission.ACCESS_NETWORK_STATE" />
13-->src\main\AndroidManifest.xml:7:5-79
13-->src\main\AndroidManifest.xml:7:22-76
14    <uses-permission
14-->src\main\AndroidManifest.xml:8:5-10:38
15        android:name="android.permission.READ_EXTERNAL_STORAGE"
15-->src\main\AndroidManifest.xml:9:9-64
16        android:maxSdkVersion="32" />
16-->src\main\AndroidManifest.xml:10:9-35
17    <uses-permission
17-->src\main\AndroidManifest.xml:11:5-13:38
18        android:name="android.permission.WRITE_EXTERNAL_STORAGE"
18-->src\main\AndroidManifest.xml:12:9-65
19        android:maxSdkVersion="32" />
19-->src\main\AndroidManifest.xml:13:9-35
20    <uses-permission android:name="android.permission.READ_MEDIA_IMAGES" />
20-->src\main\AndroidManifest.xml:14:5-76
20-->src\main\AndroidManifest.xml:14:22-73
21    <uses-permission android:name="android.permission.POST_NOTIFICATIONS" />
21-->src\main\AndroidManifest.xml:15:5-77
21-->src\main\AndroidManifest.xml:15:22-74
22    <uses-permission android:name="android.permission.FOREGROUND_SERVICE" />
22-->src\main\AndroidManifest.xml:16:5-77
22-->src\main\AndroidManifest.xml:16:22-74
23    <uses-permission android:name="android.permission.FOREGROUND_SERVICE_DATA_SYNC" />
23-->src\main\AndroidManifest.xml:17:5-87
23-->src\main\AndroidManifest.xml:17:22-84
24    <uses-permission android:name="android.permission.RECEIVE_BOOT_COMPLETED" />
24-->src\main\AndroidManifest.xml:18:5-81
24-->src\main\AndroidManifest.xml:18:22-78
25    <uses-permission android:name="com.android.vending.BILLING" />
25-->[com.android.billingclient:billing:6.2.0] AndroidManifest.xml:10:5-67
25-->[com.android.billingclient:billing:6.2.0] AndroidManifest.xml:10:22-64
26
27    <queries>
27-->[com.android.billingclient:billing:6.2.0] AndroidManifest.xml:12:5-16:15
28        <intent>
28-->[com.android.billingclient:billing:6.2.0] AndroidManifest.xml:13:9-15:18
29            <action android:name="com.android.vending.billing.InAppBillingService.BIND" />
29-->[com.android.billingclient:billing:6.2.0] AndroidManifest.xml:14:13-91
29-->[com.android.billingclient:billing:6.2.0] AndroidManifest.xml:14:21-88
30        </intent>
31        <!-- For browser content -->
32        <intent>
32-->[com.google.android.gms:play-services-ads-lite:23.2.0] AndroidManifest.xml:38:9-44:18
33            <action android:name="android.intent.action.VIEW" />
33-->[com.google.firebase:firebase-auth:23.0.0] AndroidManifest.xml:36:17-69
33-->[com.google.firebase:firebase-auth:23.0.0] AndroidManifest.xml:36:25-66
34
35            <category android:name="android.intent.category.BROWSABLE" />
35-->[com.google.firebase:firebase-auth:23.0.0] AndroidManifest.xml:39:17-78
35-->[com.google.firebase:firebase-auth:23.0.0] AndroidManifest.xml:39:27-75
36
37            <data android:scheme="https" />
37-->[com.google.firebase:firebase-auth:23.0.0] AndroidManifest.xml:41:17-44:51
37-->[com.google.firebase:firebase-auth:23.0.0] AndroidManifest.xml:44:21-48
38        </intent> <!-- End of browser content -->
39        <!-- For CustomTabsService -->
40        <intent>
40-->[com.google.android.gms:play-services-ads-lite:23.2.0] AndroidManifest.xml:47:9-49:18
41            <action android:name="android.support.customtabs.action.CustomTabsService" />
41-->[com.google.android.gms:play-services-ads-lite:23.2.0] AndroidManifest.xml:48:13-90
41-->[com.google.android.gms:play-services-ads-lite:23.2.0] AndroidManifest.xml:48:21-87
42        </intent>
43    </queries>
44
45    <uses-permission android:name="android.permission.WAKE_LOCK" /> <!-- Required by older versions of Google Play services to create IID tokens -->
45-->[com.google.firebase:firebase-messaging:24.0.0] AndroidManifest.xml:24:5-68
45-->[com.google.firebase:firebase-messaging:24.0.0] AndroidManifest.xml:24:22-65
46    <uses-permission android:name="com.google.android.c2dm.permission.RECEIVE" />
46-->[com.google.firebase:firebase-messaging:24.0.0] AndroidManifest.xml:26:5-82
46-->[com.google.firebase:firebase-messaging:24.0.0] AndroidManifest.xml:26:22-79
47    <uses-permission android:name="com.google.android.gms.permission.AD_ID" />
47-->[com.google.android.gms:play-services-ads-lite:23.2.0] AndroidManifest.xml:26:5-79
47-->[com.google.android.gms:play-services-ads-lite:23.2.0] AndroidManifest.xml:26:22-76
48    <uses-permission android:name="android.permission.ACCESS_ADSERVICES_AD_ID" />
48-->[com.google.android.gms:play-services-ads-lite:23.2.0] AndroidManifest.xml:27:5-82
48-->[com.google.android.gms:play-services-ads-lite:23.2.0] AndroidManifest.xml:27:22-79
49    <uses-permission android:name="android.permission.ACCESS_ADSERVICES_ATTRIBUTION" />
49-->[com.google.android.gms:play-services-ads-lite:23.2.0] AndroidManifest.xml:28:5-88
49-->[com.google.android.gms:play-services-ads-lite:23.2.0] AndroidManifest.xml:28:22-85
50    <uses-permission android:name="android.permission.ACCESS_ADSERVICES_TOPICS" />
50-->[com.google.android.gms:play-services-ads-lite:23.2.0] AndroidManifest.xml:29:5-83
50-->[com.google.android.gms:play-services-ads-lite:23.2.0] AndroidManifest.xml:29:22-80
51    <uses-permission android:name="com.google.android.finsky.permission.BIND_GET_INSTALL_REFERRER_SERVICE" />
51-->[com.google.android.gms:play-services-measurement:22.0.1] AndroidManifest.xml:26:5-110
51-->[com.google.android.gms:play-services-measurement:22.0.1] AndroidManifest.xml:26:22-107
52    <uses-permission android:name="com.google.android.providers.gsf.permission.READ_GSERVICES" />
52-->[com.google.android.recaptcha:recaptcha:18.4.0] AndroidManifest.xml:9:5-98
52-->[com.google.android.recaptcha:recaptcha:18.4.0] AndroidManifest.xml:9:22-95
53
54    <permission
54-->[androidx.core:core:1.13.1] AndroidManifest.xml:22:5-24:47
55        android:name="com.arabicpdftoword.app.debug.DYNAMIC_RECEIVER_NOT_EXPORTED_PERMISSION"
55-->[androidx.core:core:1.13.1] AndroidManifest.xml:23:9-81
56        android:protectionLevel="signature" />
56-->[androidx.core:core:1.13.1] AndroidManifest.xml:24:9-44
57
58    <uses-permission android:name="com.arabicpdftoword.app.debug.DYNAMIC_RECEIVER_NOT_EXPORTED_PERMISSION" />
58-->[androidx.core:core:1.13.1] AndroidManifest.xml:26:5-97
58-->[androidx.core:core:1.13.1] AndroidManifest.xml:26:22-94
59
60    <application
60-->src\main\AndroidManifest.xml:20:5-96:19
61        android:name="com.arabicpdftoword.app.PdfToWordApp"
61-->src\main\AndroidManifest.xml:21:9-37
62        android:allowBackup="false"
62-->src\main\AndroidManifest.xml:22:9-36
63        android:appComponentFactory="androidx.core.app.CoreComponentFactory"
63-->[androidx.core:core:1.13.1] AndroidManifest.xml:28:18-86
64        android:configChanges="orientation|screenSize|screenLayout|keyboardHidden|mnc|colorMode|density|fontScale|fontWeightAdjustment|keyboard|layoutDirection|locale|mcc|navigation|smallestScreenSize|touchscreen|uiMode"
64-->src\main\AndroidManifest.xml:30:9-221
65        android:dataExtractionRules="@xml/data_extraction_rules"
65-->src\main\AndroidManifest.xml:23:9-65
66        android:debuggable="true"
67        android:extractNativeLibs="false"
68        android:fullBackupContent="@xml/backup_rules"
68-->src\main\AndroidManifest.xml:24:9-54
69        android:hardwareAccelerated="true"
69-->src\main\AndroidManifest.xml:31:9-43
70        android:icon="@mipmap/ic_launcher"
70-->src\main\AndroidManifest.xml:25:9-43
71        android:label="@string/app_name"
71-->src\main\AndroidManifest.xml:26:9-41
72        android:largeHeap="true"
72-->src\main\AndroidManifest.xml:32:9-33
73        android:roundIcon="@mipmap/ic_launcher_round"
73-->src\main\AndroidManifest.xml:27:9-54
74        android:supportsRtl="true"
74-->src\main\AndroidManifest.xml:28:9-35
75        android:theme="@style/Theme.ArabicPDFToWord" >
75-->src\main\AndroidManifest.xml:29:9-53
76
77        <!-- Main Activity -->
78        <activity
78-->src\main\AndroidManifest.xml:36:9-44:20
79            android:name="com.arabicpdftoword.app.MainActivity"
79-->src\main\AndroidManifest.xml:37:13-41
80            android:exported="true"
80-->src\main\AndroidManifest.xml:38:13-36
81            android:theme="@style/Theme.ArabicPDFToWord" >
81-->src\main\AndroidManifest.xml:39:13-57
82            <intent-filter>
82-->src\main\AndroidManifest.xml:40:13-43:29
83                <action android:name="android.intent.action.MAIN" />
83-->src\main\AndroidManifest.xml:41:17-69
83-->src\main\AndroidManifest.xml:41:25-66
84
85                <category android:name="android.intent.category.LAUNCHER" />
85-->src\main\AndroidManifest.xml:42:17-77
85-->src\main\AndroidManifest.xml:42:27-74
86            </intent-filter>
87        </activity>
88
89        <!-- Google Mobile Ads -->
90        <meta-data
90-->src\main\AndroidManifest.xml:47:9-49:52
91            android:name="com.google.android.gms.ads.APPLICATION_ID"
91-->src\main\AndroidManifest.xml:48:13-69
92            android:value="@string/admob_app_id" />
92-->src\main\AndroidManifest.xml:49:13-49
93
94        <!-- Firebase Cloud Messaging -->
95        <meta-data
95-->src\main\AndroidManifest.xml:52:9-54:71
96            android:name="com.google.firebase.messaging.default_notification_channel_id"
96-->src\main\AndroidManifest.xml:53:13-89
97            android:value="@string/default_notification_channel_id" />
97-->src\main\AndroidManifest.xml:54:13-68
98        <meta-data
98-->src\main\AndroidManifest.xml:55:9-57:60
99            android:name="com.google.firebase.messaging.default_notification_icon"
99-->src\main\AndroidManifest.xml:56:13-83
100            android:resource="@drawable/ic_notification" />
100-->src\main\AndroidManifest.xml:57:13-57
101        <meta-data
101-->src\main\AndroidManifest.xml:58:9-60:60
102            android:name="com.google.firebase.messaging.default_notiction_color"
102-->src\main\AndroidManifest.xml:59:13-81
103            android:resource="@color/notification_color" />
103-->src\main\AndroidManifest.xml:60:13-57
104
105        <!-- Ad Services Config -->
106        <property
106-->src\main\AndroidManifest.xml:63:9-66:48
107            android:name="android.adservices.AD_SERVICES_CONFIG"
107-->src\main\AndroidManifest.xml:64:13-65
108            android:resource="@xml/gma_ad_services_config" />
108-->src\main\AndroidManifest.xml:65:13-59
109
110        <!-- Firebase Performance Monitoring -->
111        <meta-data
111-->src\main\AndroidManifest.xml:69:9-71:37
112            android:name="firebase_performance_logcat_enabled"
112-->src\main\AndroidManifest.xml:70:13-63
113            android:value="false" />
113-->src\main\AndroidManifest.xml:71:13-34
114
115        <!-- FileProvider -->
116        <provider
117            android:name="androidx.core.content.FileProvider"
117-->src\main\AndroidManifest.xml:75:13-62
118            android:authorities="com.arabicpdftoword.app.debug.fileprovider"
118-->src\main\AndroidManifest.xml:76:13-64
119            android:exported="false"
119-->src\main\AndroidManifest.xml:77:13-37
120            android:grantUriPermissions="true" >
120-->src\main\AndroidManifest.xml:78:13-47
121            <meta-data
121-->src\main\AndroidManifest.xml:79:13-81:54
122                android:name="android.support.FILE_PROVIDER_PATHS"
122-->src\main\AndroidManifest.xml:80:17-67
123                android:resource="@xml/file_paths" />
123-->src\main\AndroidManifest.xml:81:17-51
124        </provider>
125
126        <!-- WorkManager Initializer (disabled to use custom initialization) -->
127        <provider
128            android:name="androidx.startup.InitializationProvider"
128-->src\main\AndroidManifest.xml:86:13-67
129            android:authorities="com.arabicpdftoword.app.debug.androidx-startup"
129-->src\main\AndroidManifest.xml:87:13-68
130            android:exported="false" >
130-->src\main\AndroidManifest.xml:88:13-37
131            <meta-data
131-->[androidx.emoji2:emoji2:1.3.0] AndroidManifest.xml:29:13-31:52
132                android:name="androidx.emoji2.text.EmojiCompatInitializer"
132-->[androidx.emoji2:emoji2:1.3.0] AndroidManifest.xml:30:17-75
133                android:value="androidx.startup" />
133-->[androidx.emoji2:emoji2:1.3.0] AndroidManifest.xml:31:17-49
134            <meta-data
134-->[androidx.lifecycle:lifecycle-process:2.8.4] AndroidManifest.xml:29:13-31:52
135                android:name="androidx.lifecycle.ProcessLifecycleInitializer"
135-->[androidx.lifecycle:lifecycle-process:2.8.4] AndroidManifest.xml:30:17-78
136                android:value="androidx.startup" />
136-->[androidx.lifecycle:lifecycle-process:2.8.4] AndroidManifest.xml:31:17-49
137            <meta-data
137-->[androidx.profileinstaller:profileinstaller:1.3.1] AndroidManifest.xml:29:13-31:52
138                android:name="androidx.profileinstaller.ProfileInstallerInitializer"
138-->[androidx.profileinstaller:profileinstaller:1.3.1] AndroidManifest.xml:30:17-85
139                android:value="androidx.startup" />
139-->[androidx.profileinstaller:profileinstaller:1.3.1] AndroidManifest.xml:31:17-49
140        </provider>
141
142        <activity
142-->[com.google.firebase:firebase-auth:23.0.0] AndroidManifest.xml:29:9-46:20
143            android:name="com.google.firebase.auth.internal.GenericIdpActivity"
143-->[com.google.firebase:firebase-auth:23.0.0] AndroidManifest.xml:30:13-80
144            android:excludeFromRecents="true"
144-->[com.google.firebase:firebase-auth:23.0.0] AndroidManifest.xml:31:13-46
145            android:exported="true"
145-->[com.google.firebase:firebase-auth:23.0.0] AndroidManifest.xml:32:13-36
146            android:launchMode="singleTask"
146-->[com.google.firebase:firebase-auth:23.0.0] AndroidManifest.xml:33:13-44
147            android:theme="@android:style/Theme.Translucent.NoTitleBar" >
147-->[com.google.firebase:firebase-auth:23.0.0] AndroidManifest.xml:34:13-72
148            <intent-filter>
148-->[com.google.firebase:firebase-auth:23.0.0] AndroidManifest.xml:35:13-45:29
149                <action android:name="android.intent.action.VIEW" />
149-->[com.google.firebase:firebase-auth:23.0.0] AndroidManifest.xml:36:17-69
149-->[com.google.firebase:firebase-auth:23.0.0] AndroidManifest.xml:36:25-66
150
151                <category android:name="android.intent.category.DEFAULT" />
151-->[com.google.firebase:firebase-auth:23.0.0] AndroidManifest.xml:38:17-76
151-->[com.google.firebase:firebase-auth:23.0.0] AndroidManifest.xml:38:27-73
152                <category android:name="android.intent.category.BROWSABLE" />
152-->[com.google.firebase:firebase-auth:23.0.0] AndroidManifest.xml:39:17-78
152-->[com.google.firebase:firebase-auth:23.0.0] AndroidManifest.xml:39:27-75
153
154                <data
154-->[com.google.firebase:firebase-auth:23.0.0] AndroidManifest.xml:41:17-44:51
155                    android:host="firebase.auth"
155-->[com.google.firebase:firebase-auth:23.0.0] AndroidManifest.xml:42:21-49
156                    android:path="/"
156-->[com.google.firebase:firebase-auth:23.0.0] AndroidManifest.xml:43:21-37
157                    android:scheme="genericidp" />
157-->[com.google.firebase:firebase-auth:23.0.0] AndroidManifest.xml:44:21-48
158            </intent-filter>
159        </activity>
160        <activity
160-->[com.google.firebase:firebase-auth:23.0.0] AndroidManifest.xml:47:9-64:20
161            android:name="com.google.firebase.auth.internal.RecaptchaActivity"
161-->[com.google.firebase:firebase-auth:23.0.0] AndroidManifest.xml:48:13-79
162            android:excludeFromRecents="true"
162-->[com.google.firebase:firebase-auth:23.0.0] AndroidManifest.xml:49:13-46
163            android:exported="true"
163-->[com.google.firebase:firebase-auth:23.0.0] AndroidManifest.xml:50:13-36
164            android:launchMode="singleTask"
164-->[com.google.firebase:firebase-auth:23.0.0] AndroidManifest.xml:51:13-44
165            android:theme="@android:style/Theme.Translucent.NoTitleBar" >
165-->[com.google.firebase:firebase-auth:23.0.0] AndroidManifest.xml:52:13-72
166            <intent-filter>
166-->[com.google.firebase:firebase-auth:23.0.0] AndroidManifest.xml:53:13-63:29
167                <action android:name="android.intent.action.VIEW" />
167-->[com.google.firebase:firebase-auth:23.0.0] AndroidManifest.xml:36:17-69
167-->[com.google.firebase:firebase-auth:23.0.0] AndroidManifest.xml:36:25-66
168
169                <category android:name="android.intent.category.DEFAULT" />
169-->[com.google.firebase:firebase-auth:23.0.0] AndroidManifest.xml:38:17-76
169-->[com.google.firebase:firebase-auth:23.0.0] AndroidManifest.xml:38:27-73
170                <category android:name="android.intent.category.BROWSABLE" />
170-->[com.google.firebase:firebase-auth:23.0.0] AndroidManifest.xml:39:17-78
170-->[com.google.firebase:firebase-auth:23.0.0] AndroidManifest.xml:39:27-75
171
172                <data
172-->[com.google.firebase:firebase-auth:23.0.0] AndroidManifest.xml:41:17-44:51
173                    android:host="firebase.auth"
173-->[com.google.firebase:firebase-auth:23.0.0] AndroidManifest.xml:42:21-49
174                    android:path="/"
174-->[com.google.firebase:firebase-auth:23.0.0] AndroidManifest.xml:43:21-37
175                    android:scheme="recaptcha" />
175-->[com.google.firebase:firebase-auth:23.0.0] AndroidManifest.xml:44:21-48
176            </intent-filter>
177        </activity>
178
179        <service
179-->[com.google.firebase:firebase-auth:23.0.0] AndroidManifest.xml:66:9-72:19
180            android:name="com.google.firebase.components.ComponentDiscoveryService"
180-->[com.google.firebase:firebase-auth:23.0.0] AndroidManifest.xml:67:13-84
181            android:directBootAware="true"
181-->[com.google.firebase:firebase-common:21.0.0] AndroidManifest.xml:32:13-43
182            android:exported="false" >
182-->[com.google.firebase:firebase-auth:23.0.0] AndroidManifest.xml:68:13-37
183            <meta-data
183-->[com.google.firebase:firebase-auth:23.0.0] AndroidManifest.xml:69:13-71:85
184                android:name="com.google.firebase.components:com.google.firebase.auth.FirebaseAuthRegistrar"
184-->[com.google.firebase:firebase-auth:23.0.0] AndroidManifest.xml:70:17-109
185                android:value="com.google.firebase.components.ComponentRegistrar" />
185-->[com.google.firebase:firebase-auth:23.0.0] AndroidManifest.xml:71:17-82
186            <meta-data
186-->[com.google.firebase:firebase-firestore:25.0.0] AndroidManifest.xml:17:13-19:85
187                android:name="com.google.firebase.components:com.google.firebase.firestore.FirebaseFirestoreKtxRegistrar"
187-->[com.google.firebase:firebase-firestore:25.0.0] AndroidManifest.xml:18:17-122
188                android:value="com.google.firebase.components.ComponentRegistrar" />
188-->[com.google.firebase:firebase-firestore:25.0.0] AndroidManifest.xml:19:17-82
189            <meta-data
189-->[com.google.firebase:firebase-firestore:25.0.0] AndroidManifest.xml:20:13-22:85
190                android:name="com.google.firebase.components:com.google.firebase.firestore.FirestoreRegistrar"
190-->[com.google.firebase:firebase-firestore:25.0.0] AndroidManifest.xml:21:17-111
191                android:value="com.google.firebase.components.ComponentRegistrar" />
191-->[com.google.firebase:firebase-firestore:25.0.0] AndroidManifest.xml:22:17-82
192            <meta-data
192-->[com.google.firebase:firebase-messaging:24.0.0] AndroidManifest.xml:57:13-59:85
193                android:name="com.google.firebase.components:com.google.firebase.messaging.FirebaseMessagingKtxRegistrar"
193-->[com.google.firebase:firebase-messaging:24.0.0] AndroidManifest.xml:58:17-122
194                android:value="com.google.firebase.components.ComponentRegistrar" />
194-->[com.google.firebase:firebase-messaging:24.0.0] AndroidManifest.xml:59:17-82
195            <meta-data
195-->[com.google.firebase:firebase-messaging:24.0.0] AndroidManifest.xml:60:13-62:85
196                android:name="com.google.firebase.components:com.google.firebase.messaging.FirebaseMessagingRegistrar"
196-->[com.google.firebase:firebase-messaging:24.0.0] AndroidManifest.xml:61:17-119
197                android:value="com.google.firebase.components.ComponentRegistrar" />
197-->[com.google.firebase:firebase-messaging:24.0.0] AndroidManifest.xml:62:17-82
198            <meta-data
198-->[com.google.android.gms:play-services-measurement-api:22.0.1] AndroidManifest.xml:37:13-39:85
199                android:name="com.google.firebase.components:com.google.firebase.analytics.connector.internal.AnalyticsConnectorRegistrar"
199-->[com.google.android.gms:play-services-measurement-api:22.0.1] AndroidManifest.xml:38:17-139
200                android:value="com.google.firebase.components.ComponentRegistrar" />
200-->[com.google.android.gms:play-services-measurement-api:22.0.1] AndroidManifest.xml:39:17-82
201            <meta-data
201-->[com.google.firebase:firebase-storage:21.0.0] AndroidManifest.xml:30:13-32:85
202                android:name="com.google.firebase.components:com.google.firebase.storage.FirebaseStorageKtxRegistrar"
202-->[com.google.firebase:firebase-storage:21.0.0] AndroidManifest.xml:31:17-118
203                android:value="com.google.firebase.components.ComponentRegistrar" />
203-->[com.google.firebase:firebase-storage:21.0.0] AndroidManifest.xml:32:17-82
204            <meta-data
204-->[com.google.firebase:firebase-storage:21.0.0] AndroidManifest.xml:33:13-35:85
205                android:name="com.google.firebase.components:com.google.firebase.storage.StorageRegistrar"
205-->[com.google.firebase:firebase-storage:21.0.0] AndroidManifest.xml:34:17-107
206                android:value="com.google.firebase.components.ComponentRegistrar" />
206-->[com.google.firebase:firebase-storage:21.0.0] AndroidManifest.xml:35:17-82
207            <meta-data
207-->[com.google.firebase:firebase-appcheck:18.0.0] AndroidManifest.xml:25:13-27:85
208                android:name="com.google.firebase.components:com.google.firebase.appcheck.FirebaseAppCheckKtxRegistrar"
208-->[com.google.firebase:firebase-appcheck:18.0.0] AndroidManifest.xml:26:17-120
209                android:value="com.google.firebase.components.ComponentRegistrar" />
209-->[com.google.firebase:firebase-appcheck:18.0.0] AndroidManifest.xml:27:17-82
210            <meta-data
210-->[com.google.firebase:firebase-appcheck:18.0.0] AndroidManifest.xml:28:13-30:85
211                android:name="com.google.firebase.components:com.google.firebase.appcheck.FirebaseAppCheckRegistrar"
211-->[com.google.firebase:firebase-appcheck:18.0.0] AndroidManifest.xml:29:17-117
212                android:value="com.google.firebase.components.ComponentRegistrar" />
212-->[com.google.firebase:firebase-appcheck:18.0.0] AndroidManifest.xml:30:17-82
213            <meta-data
213-->[com.google.firebase:firebase-crashlytics:19.0.1] AndroidManifest.xml:15:13-17:85
214                android:name="com.google.firebase.components:com.google.firebase.crashlytics.FirebaseCrashlyticsKtxRegistrar"
214-->[com.google.firebase:firebase-crashlytics:19.0.1] AndroidManifest.xml:16:17-126
215                android:value="com.google.firebase.components.ComponentRegistrar" />
215-->[com.google.firebase:firebase-crashlytics:19.0.1] AndroidManifest.xml:17:17-82
216            <meta-data
216-->[com.google.firebase:firebase-crashlytics:19.0.1] AndroidManifest.xml:18:13-20:85
217                android:name="com.google.firebase.components:com.google.firebase.crashlytics.CrashlyticsRegistrar"
217-->[com.google.firebase:firebase-crashlytics:19.0.1] AndroidManifest.xml:19:17-115
218                android:value="com.google.firebase.components.ComponentRegistrar" />
218-->[com.google.firebase:firebase-crashlytics:19.0.1] AndroidManifest.xml:20:17-82
219            <meta-data
219-->[com.google.firebase:firebase-sessions:2.0.1] AndroidManifest.xml:29:13-31:85
220                android:name="com.google.firebase.components:com.google.firebase.sessions.FirebaseSessionsRegistrar"
220-->[com.google.firebase:firebase-sessions:2.0.1] AndroidManifest.xml:30:17-117
221                android:value="com.google.firebase.components.ComponentRegistrar" />
221-->[com.google.firebase:firebase-sessions:2.0.1] AndroidManifest.xml:31:17-82
222            <meta-data
222-->[com.google.firebase:firebase-config:22.0.0] AndroidManifest.xml:29:13-31:85
223                android:name="com.google.firebase.components:com.google.firebase.remoteconfig.FirebaseRemoteConfigKtxRegistrar"
223-->[com.google.firebase:firebase-config:22.0.0] AndroidManifest.xml:30:17-128
224                android:value="com.google.firebase.components.ComponentRegistrar" />
224-->[com.google.firebase:firebase-config:22.0.0] AndroidManifest.xml:31:17-82
225            <meta-data
225-->[com.google.firebase:firebase-config:22.0.0] AndroidManifest.xml:32:13-34:85
226                android:name="com.google.firebase.components:com.google.firebase.remoteconfig.RemoteConfigRegistrar"
226-->[com.google.firebase:firebase-config:22.0.0] AndroidManifest.xml:33:17-117
227                android:value="com.google.firebase.components.ComponentRegistrar" />
227-->[com.google.firebase:firebase-config:22.0.0] AndroidManifest.xml:34:17-82
228            <meta-data
228-->[com.google.firebase:firebase-installations:18.0.0] AndroidManifest.xml:15:13-17:85
229                android:name="com.google.firebase.components:com.google.firebase.installations.FirebaseInstallationsKtxRegistrar"
229-->[com.google.firebase:firebase-installations:18.0.0] AndroidManifest.xml:16:17-130
230                android:value="com.google.firebase.components.ComponentRegistrar" />
230-->[com.google.firebase:firebase-installations:18.0.0] AndroidManifest.xml:17:17-82
231            <meta-data
231-->[com.google.firebase:firebase-installations:18.0.0] AndroidManifest.xml:18:13-20:85
232                android:name="com.google.firebase.components:com.google.firebase.installations.FirebaseInstallationsRegistrar"
232-->[com.google.firebase:firebase-installations:18.0.0] AndroidManifest.xml:19:17-127
233                android:value="com.google.firebase.components.ComponentRegistrar" />
233-->[com.google.firebase:firebase-installations:18.0.0] AndroidManifest.xml:20:17-82
234            <meta-data
234-->[com.google.firebase:firebase-common-ktx:21.0.0] AndroidManifest.xml:12:13-14:85
235                android:name="com.google.firebase.components:com.google.firebase.ktx.FirebaseCommonLegacyRegistrar"
235-->[com.google.firebase:firebase-common-ktx:21.0.0] AndroidManifest.xml:13:17-116
236                android:value="com.google.firebase.components.ComponentRegistrar" />
236-->[com.google.firebase:firebase-common-ktx:21.0.0] AndroidManifest.xml:14:17-82
237            <meta-data
237-->[com.google.firebase:firebase-common:21.0.0] AndroidManifest.xml:35:13-37:85
238                android:name="com.google.firebase.components:com.google.firebase.FirebaseCommonKtxRegistrar"
238-->[com.google.firebase:firebase-common:21.0.0] AndroidManifest.xml:36:17-109
239                android:value="com.google.firebase.components.ComponentRegistrar" />
239-->[com.google.firebase:firebase-common:21.0.0] AndroidManifest.xml:37:17-82
240            <meta-data
240-->[com.google.firebase:firebase-abt:21.1.1] AndroidManifest.xml:12:13-14:85
241                android:name="com.google.firebase.components:com.google.firebase.abt.component.AbtRegistrar"
241-->[com.google.firebase:firebase-abt:21.1.1] AndroidManifest.xml:13:17-109
242                android:value="com.google.firebase.components.ComponentRegistrar" />
242-->[com.google.firebase:firebase-abt:21.1.1] AndroidManifest.xml:14:17-82
243            <meta-data
243-->[com.google.firebase:firebase-datatransport:18.2.0] AndroidManifest.xml:25:13-27:85
244                android:name="com.google.firebase.components:com.google.firebase.datatransport.TransportRegistrar"
244-->[com.google.firebase:firebase-datatransport:18.2.0] AndroidManifest.xml:26:17-115
245                android:value="com.google.firebase.components.ComponentRegistrar" />
245-->[com.google.firebase:firebase-datatransport:18.2.0] AndroidManifest.xml:27:17-82
246        </service>
247        <service
247-->[androidx.credentials:credentials-play-services-auth:1.2.0-rc01] AndroidManifest.xml:24:9-32:19
248            android:name="androidx.credentials.playservices.CredentialProviderMetadataHolder"
248-->[androidx.credentials:credentials-play-services-auth:1.2.0-rc01] AndroidManifest.xml:25:13-94
249            android:enabled="true"
249-->[androidx.credentials:credentials-play-services-auth:1.2.0-rc01] AndroidManifest.xml:26:13-35
250            android:exported="false" >
250-->[androidx.credentials:credentials-play-services-auth:1.2.0-rc01] AndroidManifest.xml:27:13-37
251            <meta-data
251-->[androidx.credentials:credentials-play-services-auth:1.2.0-rc01] AndroidManifest.xml:29:13-31:104
252                android:name="androidx.credentials.CREDENTIAL_PROVIDER_KEY"
252-->[androidx.credentials:credentials-play-services-auth:1.2.0-rc01] AndroidManifest.xml:30:17-76
253                android:value="androidx.credentials.playservices.CredentialProviderPlayServicesImpl" />
253-->[androidx.credentials:credentials-play-services-auth:1.2.0-rc01] AndroidManifest.xml:31:17-101
254        </service>
255
256        <activity
256-->[androidx.credentials:credentials-play-services-auth:1.2.0-rc01] AndroidManifest.xml:34:9-41:20
257            android:name="androidx.credentials.playservices.HiddenActivity"